# JRE version: OpenJDK Runtime Environment (21.0.7) (build 21.0.7+-13880790-b1038.58)
# Java VM: OpenJDK 64-Bit Server VM (21.0.7+-13880790-b1038.58, mixed mode, tiered, compressed oops, compressed class ptrs, g1 gc, windows-amd64)
GC Precious Log:
 CardTable entry size: 512
 Card Set container configuration: InlinePtr #cards 5 size 8 Array Of Cards #cards 12 size 40 Howl #buckets 4 coarsen threshold 1843 Howl Bitmap #cards 512 size 80 coarsen threshold 460 Card regions per heap region 1 cards per card region 2048
 CPUs: 4 total, 4 available
 Memory: 8033M
 Large Page Support: Disabled
 NUMA Support: Disabled
 Compressed Oops: Enabled (32-bit)
 Heap Region Size: 1M
 Heap Min Capacity: 8M
 Heap Initial Capacity: 126M
 Heap Max Capacity: 2G
 Pre-touch: Disabled
 Parallel Workers: 4
 Concurrent Workers: 1
 Concurrent Refinement Workers: 4
 Periodic GC: Disabled
Heap:
 garbage-first heap   total 353280K, used 197110K [0x0000000080000000, 0x0000000100000000)
  region size 1024K, 3 young (3072K), 3 survivors (3072K)
 Metaspace       used 183359K, committed 186048K, reserved 1245184K
  class space    used 24967K, committed 26368K, reserved 1048576K
GC Heap History (20 events):
Event: 339.664 GC heap after
{Heap after GC invocations=79 (full 0):
 garbage-first heap   total 309248K, used 199659K [0x0000000080000000, 0x0000000100000000)
  region size 1024K, 4 young (4096K), 4 survivors (4096K)
 Metaspace       used 170867K, committed 173440K, reserved 1245184K
  class space    used 22779K, committed 24064K, reserved 1048576K
}
Event: 356.332 GC heap before
{Heap before GC invocations=80 (full 0):
 garbage-first heap   total 327680K, used 283627K [0x0000000080000000, 0x0000000100000000)
  region size 1024K, 88 young (90112K), 4 survivors (4096K)
 Metaspace       used 178575K, committed 181120K, reserved 1245184K
  class space    used 23890K, committed 25152K, reserved 1048576K
}
Event: 356.340 GC heap after
{Heap after GC invocations=81 (full 0):
 garbage-first heap   total 327680K, used 202751K [0x0000000080000000, 0x0000000100000000)
  region size 1024K, 8 young (8192K), 8 survivors (8192K)
 Metaspace       used 178575K, committed 181120K, reserved 1245184K
  class space    used 23890K, committed 25152K, reserved 1048576K
}
Event: 361.720 GC heap before
{Heap before GC invocations=81 (full 0):
 garbage-first heap   total 327680K, used 302079K [0x0000000080000000, 0x0000000100000000)
  region size 1024K, 106 young (108544K), 8 survivors (8192K)
 Metaspace       used 188236K, committed 190848K, reserved 1245184K
  class space    used 25371K, committed 26688K, reserved 1048576K
}
Event: 361.730 GC heap after
{Heap after GC invocations=82 (full 0):
 garbage-first heap   total 327680K, used 193252K [0x0000000080000000, 0x0000000100000000)
  region size 1024K, 9 young (9216K), 9 survivors (9216K)
 Metaspace       used 188236K, committed 190848K, reserved 1245184K
  class space    used 25371K, committed 26688K, reserved 1048576K
}
Event: 366.492 GC heap before
{Heap before GC invocations=82 (full 0):
 garbage-first heap   total 327680K, used 258788K [0x0000000080000000, 0x0000000100000000)
  region size 1024K, 75 young (76800K), 9 survivors (9216K)
 Metaspace       used 192159K, committed 194752K, reserved 1245184K
  class space    used 25983K, committed 27264K, reserved 1048576K
}
Event: 366.502 GC heap after
{Heap after GC invocations=83 (full 0):
 garbage-first heap   total 327680K, used 196045K [0x0000000080000000, 0x0000000100000000)
  region size 1024K, 9 young (9216K), 9 survivors (9216K)
 Metaspace       used 192159K, committed 194752K, reserved 1245184K
  class space    used 25983K, committed 27264K, reserved 1048576K
}
Event: 3284.394 GC heap before
{Heap before GC invocations=84 (full 0):
 garbage-first heap   total 353280K, used 311757K [0x0000000080000000, 0x0000000100000000)
  region size 1024K, 109 young (111616K), 9 survivors (9216K)
 Metaspace       used 183112K, committed 185792K, reserved 1245184K
  class space    used 24961K, committed 26368K, reserved 1048576K
}
Event: 3294.210 GC heap after
{Heap after GC invocations=85 (full 0):
 garbage-first heap   total 353280K, used 191668K [0x0000000080000000, 0x0000000100000000)
  region size 1024K, 6 young (6144K), 6 survivors (6144K)
 Metaspace       used 183112K, committed 185792K, reserved 1245184K
  class space    used 24961K, committed 26368K, reserved 1048576K
}
Event: 3496.788 GC heap before
{Heap before GC invocations=85 (full 0):
 garbage-first heap   total 353280K, used 202932K [0x0000000080000000, 0x0000000100000000)
  region size 1024K, 17 young (17408K), 6 survivors (6144K)
 Metaspace       used 183136K, committed 185856K, reserved 1245184K
  class space    used 24963K, committed 26368K, reserved 1048576K
}
Event: 3497.801 GC heap after
{Heap after GC invocations=86 (full 0):
 garbage-first heap   total 353280K, used 191226K [0x0000000080000000, 0x0000000100000000)
  region size 1024K, 2 young (2048K), 2 survivors (2048K)
 Metaspace       used 183136K, committed 185856K, reserved 1245184K
  class space    used 24963K, committed 26368K, reserved 1048576K
}
Event: 3498.986 GC heap before
{Heap before GC invocations=86 (full 0):
 garbage-first heap   total 353280K, used 206586K [0x0000000080000000, 0x0000000100000000)
  region size 1024K, 17 young (17408K), 2 survivors (2048K)
 Metaspace       used 183136K, committed 185856K, reserved 1245184K
  class space    used 24963K, committed 26368K, reserved 1048576K
}
Event: 3499.486 GC heap after
{Heap after GC invocations=87 (full 0):
 garbage-first heap   total 353280K, used 190536K [0x0000000080000000, 0x0000000100000000)
  region size 1024K, 2 young (2048K), 2 survivors (2048K)
 Metaspace       used 183136K, committed 185856K, reserved 1245184K
  class space    used 24963K, committed 26368K, reserved 1048576K
}
Event: 3519.180 GC heap before
{Heap before GC invocations=87 (full 0):
 garbage-first heap   total 353280K, used 205896K [0x0000000080000000, 0x0000000100000000)
  region size 1024K, 17 young (17408K), 2 survivors (2048K)
 Metaspace       used 183185K, committed 185920K, reserved 1245184K
  class space    used 24965K, committed 26368K, reserved 1048576K
}
Event: 3520.062 GC heap after
{Heap after GC invocations=88 (full 0):
 garbage-first heap   total 353280K, used 192299K [0x0000000080000000, 0x0000000100000000)
  region size 1024K, 3 young (3072K), 3 survivors (3072K)
 Metaspace       used 183185K, committed 185920K, reserved 1245184K
  class space    used 24965K, committed 26368K, reserved 1048576K
}
Event: 3523.951 GC heap before
{Heap before GC invocations=88 (full 0):
 garbage-first heap   total 353280K, used 205611K [0x0000000080000000, 0x0000000100000000)
  region size 1024K, 17 young (17408K), 3 survivors (3072K)
 Metaspace       used 183194K, committed 185920K, reserved 1245184K
  class space    used 24965K, committed 26368K, reserved 1048576K
}
Event: 3524.735 GC heap after
{Heap after GC invocations=89 (full 0):
 garbage-first heap   total 353280K, used 193643K [0x0000000080000000, 0x0000000100000000)
  region size 1024K, 2 young (2048K), 2 survivors (2048K)
 Metaspace       used 183194K, committed 185920K, reserved 1245184K
  class space    used 24965K, committed 26368K, reserved 1048576K
}
Event: 3539.573 GC heap before
{Heap before GC invocations=89 (full 0):
 garbage-first heap   total 353280K, used 209003K [0x0000000080000000, 0x0000000100000000)
  region size 1024K, 17 young (17408K), 2 survivors (2048K)
 Metaspace       used 183252K, committed 185984K, reserved 1245184K
  class space    used 24966K, committed 26368K, reserved 1048576K
}
Event: 3540.355 GC heap after
{Heap after GC invocations=90 (full 0):
 garbage-first heap   total 353280K, used 194865K [0x0000000080000000, 0x0000000100000000)
  region size 1024K, 3 young (3072K), 3 survivors (3072K)
 Metaspace       used 183252K, committed 185984K, reserved 1245184K
  class space    used 24966K, committed 26368K, reserved 1048576K
}
Event: 3550.942 GC heap before
{Heap before GC invocations=90 (full 0):
 garbage-first heap   total 353280K, used 209201K [0x0000000080000000, 0x0000000100000000)
  region size 1024K, 17 young (17408K), 3 survivors (3072K)
 Metaspace       used 183359K, committed 186048K, reserved 1245184K
  class space    used 24967K, committed 26368K, reserved 1048576K
}

