# JRE version: OpenJDK Runtime Environment (21.0.7) (build 21.0.7+-13880790-b1038.58)
# Java VM: OpenJDK 64-Bit Server VM (21.0.7+-13880790-b1038.58, mixed mode, tiered, compressed oops, compressed class ptrs, g1 gc, windows-amd64)
GC Precious Log:
 CardTable entry size: 512
 Card Set container configuration: InlinePtr #cards 5 size 8 Array Of Cards #cards 12 size 40 Howl #buckets 4 coarsen threshold 1843 Howl Bitmap #cards 512 size 80 coarsen threshold 460 Card regions per heap region 1 cards per card region 2048
 CPUs: 4 total, 4 available
 Memory: 8033M
 Large Page Support: Disabled
 NUMA Support: Disabled
 Compressed Oops: Enabled (32-bit)
 Heap Region Size: 1M
 Heap Min Capacity: 8M
 Heap Initial Capacity: 126M
 Heap Max Capacity: 2G
 Pre-touch: Disabled
 Parallel Workers: 4
 Concurrent Workers: 1
 Concurrent Refinement Workers: 4
 Periodic GC: Disabled
Heap:
 garbage-first heap   total 288768K, used 183731K [0x0000000080000000, 0x0000000100000000)
  region size 1024K, 4 young (4096K), 4 survivors (4096K)
 Metaspace       used 156492K, committed 159040K, reserved 1245184K
  class space    used 20762K, committed 22016K, reserved 1048576K
GC Heap History (20 events):
Event: 178.450 GC heap after
{Heap after GC invocations=65 (full 0):
 garbage-first heap   total 260096K, used 162816K [0x0000000080000000, 0x0000000100000000)
  region size 1024K, 7 young (7168K), 7 survivors (7168K)
 Metaspace       used 138094K, committed 140480K, reserved 1179648K
  class space    used 18738K, committed 19904K, reserved 1048576K
}
Event: 181.974 GC heap before
{Heap before GC invocations=65 (full 0):
 garbage-first heap   total 260096K, used 223232K [0x0000000080000000, 0x0000000100000000)
  region size 1024K, 63 young (64512K), 7 survivors (7168K)
 Metaspace       used 144115K, committed 146624K, reserved 1179648K
  class space    used 19463K, committed 20736K, reserved 1048576K
}
Event: 181.986 GC heap after
{Heap after GC invocations=66 (full 0):
 garbage-first heap   total 260096K, used 170055K [0x0000000080000000, 0x0000000100000000)
  region size 1024K, 6 young (6144K), 6 survivors (6144K)
 Metaspace       used 144115K, committed 146624K, reserved 1179648K
  class space    used 19463K, committed 20736K, reserved 1048576K
}
Event: 184.721 GC heap before
{Heap before GC invocations=66 (full 0):
 garbage-first heap   total 260096K, used 226375K [0x0000000080000000, 0x0000000100000000)
  region size 1024K, 61 young (62464K), 6 survivors (6144K)
 Metaspace       used 146745K, committed 149248K, reserved 1179648K
  class space    used 19754K, committed 20992K, reserved 1048576K
}
Event: 184.734 GC heap after
{Heap after GC invocations=67 (full 0):
 garbage-first heap   total 260096K, used 170807K [0x0000000080000000, 0x0000000100000000)
  region size 1024K, 3 young (3072K), 3 survivors (3072K)
 Metaspace       used 146745K, committed 149248K, reserved 1179648K
  class space    used 19754K, committed 20992K, reserved 1048576K
}
Event: 251.659 GC heap before
{Heap before GC invocations=68 (full 0):
 garbage-first heap   total 276480K, used 228151K [0x0000000080000000, 0x0000000100000000)
  region size 1024K, 60 young (61440K), 3 survivors (3072K)
 Metaspace       used 148624K, committed 151104K, reserved 1179648K
  class space    used 19898K, committed 21120K, reserved 1048576K
}
Event: 252.400 GC heap after
{Heap after GC invocations=69 (full 0):
 garbage-first heap   total 276480K, used 174080K [0x0000000080000000, 0x0000000100000000)
  region size 1024K, 8 young (8192K), 8 survivors (8192K)
 Metaspace       used 148624K, committed 151104K, reserved 1179648K
  class space    used 19898K, committed 21120K, reserved 1048576K
}
Event: 265.263 GC heap before
{Heap before GC invocations=69 (full 0):
 garbage-first heap   total 276480K, used 243712K [0x0000000080000000, 0x0000000100000000)
  region size 1024K, 73 young (74752K), 8 survivors (8192K)
 Metaspace       used 150870K, committed 153344K, reserved 1245184K
  class space    used 20187K, committed 21440K, reserved 1048576K
}
Event: 265.992 GC heap after
{Heap after GC invocations=70 (full 0):
 garbage-first heap   total 276480K, used 175444K [0x0000000080000000, 0x0000000100000000)
  region size 1024K, 3 young (3072K), 3 survivors (3072K)
 Metaspace       used 150870K, committed 153344K, reserved 1245184K
  class space    used 20187K, committed 21440K, reserved 1048576K
}
Event: 266.857 GC heap before
{Heap before GC invocations=70 (full 0):
 garbage-first heap   total 276480K, used 185684K [0x0000000080000000, 0x0000000100000000)
  region size 1024K, 14 young (14336K), 3 survivors (3072K)
 Metaspace       used 150885K, committed 153408K, reserved 1245184K
  class space    used 20189K, committed 21440K, reserved 1048576K
}
Event: 266.941 GC heap after
{Heap after GC invocations=71 (full 0):
 garbage-first heap   total 276480K, used 172911K [0x0000000080000000, 0x0000000100000000)
  region size 1024K, 1 young (1024K), 1 survivors (1024K)
 Metaspace       used 150885K, committed 153408K, reserved 1245184K
  class space    used 20189K, committed 21440K, reserved 1048576K
}
Event: 273.784 GC heap before
{Heap before GC invocations=72 (full 0):
 garbage-first heap   total 288768K, used 206703K [0x0000000080000000, 0x0000000100000000)
  region size 1024K, 35 young (35840K), 1 survivors (1024K)
 Metaspace       used 150954K, committed 153472K, reserved 1245184K
  class space    used 20203K, committed 21440K, reserved 1048576K
}
Event: 273.822 GC heap after
{Heap after GC invocations=73 (full 0):
 garbage-first heap   total 288768K, used 173755K [0x0000000080000000, 0x0000000100000000)
  region size 1024K, 2 young (2048K), 2 survivors (2048K)
 Metaspace       used 150954K, committed 153472K, reserved 1245184K
  class space    used 20203K, committed 21440K, reserved 1048576K
}
Event: 277.627 GC heap before
{Heap before GC invocations=73 (full 0):
 garbage-first heap   total 288768K, used 206523K [0x0000000080000000, 0x0000000100000000)
  region size 1024K, 35 young (35840K), 2 survivors (2048K)
 Metaspace       used 151076K, committed 153536K, reserved 1245184K
  class space    used 20222K, committed 21440K, reserved 1048576K
}
Event: 278.066 GC heap after
{Heap after GC invocations=74 (full 0):
 garbage-first heap   total 288768K, used 174084K [0x0000000080000000, 0x0000000100000000)
  region size 1024K, 4 young (4096K), 4 survivors (4096K)
 Metaspace       used 151076K, committed 153536K, reserved 1245184K
  class space    used 20222K, committed 21440K, reserved 1048576K
}
Event: 290.486 GC heap before
{Heap before GC invocations=74 (full 0):
 garbage-first heap   total 288768K, used 211972K [0x0000000080000000, 0x0000000100000000)
  region size 1024K, 38 young (38912K), 4 survivors (4096K)
 Metaspace       used 151603K, committed 154112K, reserved 1245184K
  class space    used 20282K, committed 21504K, reserved 1048576K
}
Event: 290.790 GC heap after
{Heap after GC invocations=75 (full 0):
 garbage-first heap   total 288768K, used 183769K [0x0000000080000000, 0x0000000100000000)
  region size 1024K, 5 young (5120K), 5 survivors (5120K)
 Metaspace       used 151603K, committed 154112K, reserved 1245184K
  class space    used 20282K, committed 21504K, reserved 1048576K
}
Event: 291.117 GC heap before
{Heap before GC invocations=75 (full 0):
 garbage-first heap   total 288768K, used 192985K [0x0000000080000000, 0x0000000100000000)
  region size 1024K, 15 young (15360K), 5 survivors (5120K)
 Metaspace       used 151970K, committed 154560K, reserved 1245184K
  class space    used 20297K, committed 21568K, reserved 1048576K
}
Event: 291.207 GC heap after
{Heap after GC invocations=76 (full 0):
 garbage-first heap   total 288768K, used 183829K [0x0000000080000000, 0x0000000100000000)
  region size 1024K, 2 young (2048K), 2 survivors (2048K)
 Metaspace       used 151970K, committed 154560K, reserved 1245184K
  class space    used 20297K, committed 21568K, reserved 1048576K
}
Event: 295.384 GC heap before
{Heap before GC invocations=76 (full 0):
 garbage-first heap   total 288768K, used 213525K [0x0000000080000000, 0x0000000100000000)
  region size 1024K, 30 young (30720K), 2 survivors (2048K)
 Metaspace       used 156492K, committed 159040K, reserved 1245184K
  class space    used 20762K, committed 22016K, reserved 1048576K
}

