# JRE version: OpenJDK Runtime Environment (21.0.7) (build 21.0.7+-13880790-b1038.58)
# Java VM: OpenJDK 64-Bit Server VM (21.0.7+-13880790-b1038.58, mixed mode, tiered, compressed oops, compressed class ptrs, g1 gc, windows-amd64)
GC Precious Log:
 CardTable entry size: 512
 Card Set container configuration: InlinePtr #cards 5 size 8 Array Of Cards #cards 12 size 40 Howl #buckets 4 coarsen threshold 1843 Howl Bitmap #cards 512 size 80 coarsen threshold 460 Card regions per heap region 1 cards per card region 2048
 CPUs: 4 total, 4 available
 Memory: 8033M
 Large Page Support: Disabled
 NUMA Support: Disabled
 Compressed Oops: Enabled (32-bit)
 Heap Region Size: 1M
 Heap Min Capacity: 8M
 Heap Initial Capacity: 126M
 Heap Max Capacity: 2G
 Pre-touch: Disabled
 Parallel Workers: 4
 Concurrent Workers: 1
 Concurrent Refinement Workers: 4
 Periodic GC: Disabled
Heap:
 garbage-first heap   total 276480K, used 206239K [0x0000000080000000, 0x0000000100000000)
  region size 1024K, 40 young (40960K), 5 survivors (5120K)
 Metaspace       used 152408K, committed 154816K, reserved 1245184K
  class space    used 20714K, committed 21888K, reserved 1048576K
GC Heap History (20 events):
Event: 57.317 GC heap before
{Heap before GC invocations=59 (full 0):
 garbage-first heap   total 208896K, used 188785K [0x0000000080000000, 0x0000000100000000)
  region size 1024K, 68 young (69632K), 6 survivors (6144K)
 Metaspace       used 119474K, committed 121728K, reserved 1179648K
  class space    used 16621K, committed 17728K, reserved 1048576K
}
Event: 57.325 GC heap after
{Heap after GC invocations=60 (full 0):
 garbage-first heap   total 208896K, used 128492K [0x0000000080000000, 0x0000000100000000)
  region size 1024K, 6 young (6144K), 6 survivors (6144K)
 Metaspace       used 119474K, committed 121728K, reserved 1179648K
  class space    used 16621K, committed 17728K, reserved 1048576K
}
Event: 57.833 GC heap before
{Heap before GC invocations=60 (full 0):
 garbage-first heap   total 208896K, used 188908K [0x0000000080000000, 0x0000000100000000)
  region size 1024K, 66 young (67584K), 6 survivors (6144K)
 Metaspace       used 119737K, committed 121984K, reserved 1179648K
  class space    used 16636K, committed 17728K, reserved 1048576K
}
Event: 57.840 GC heap after
{Heap after GC invocations=61 (full 0):
 garbage-first heap   total 208896K, used 131569K [0x0000000080000000, 0x0000000100000000)
  region size 1024K, 7 young (7168K), 7 survivors (7168K)
 Metaspace       used 119737K, committed 121984K, reserved 1179648K
  class space    used 16636K, committed 17728K, reserved 1048576K
}
Event: 58.455 GC heap before
{Heap before GC invocations=62 (full 0):
 garbage-first heap   total 220160K, used 187889K [0x0000000080000000, 0x0000000100000000)
  region size 1024K, 63 young (64512K), 7 survivors (7168K)
 Metaspace       used 120001K, committed 122240K, reserved 1179648K
  class space    used 16695K, committed 17792K, reserved 1048576K
}
Event: 58.464 GC heap after
{Heap after GC invocations=63 (full 0):
 garbage-first heap   total 220160K, used 133587K [0x0000000080000000, 0x0000000100000000)
  region size 1024K, 5 young (5120K), 5 survivors (5120K)
 Metaspace       used 120001K, committed 122240K, reserved 1179648K
  class space    used 16695K, committed 17792K, reserved 1048576K
}
Event: 59.817 GC heap before
{Heap before GC invocations=63 (full 0):
 garbage-first heap   total 220160K, used 205267K [0x0000000080000000, 0x0000000100000000)
  region size 1024K, 72 young (73728K), 5 survivors (5120K)
 Metaspace       used 128056K, committed 130432K, reserved 1179648K
  class space    used 17749K, committed 18944K, reserved 1048576K
}
Event: 59.827 GC heap after
{Heap after GC invocations=64 (full 0):
 garbage-first heap   total 223232K, used 144991K [0x0000000080000000, 0x0000000100000000)
  region size 1024K, 9 young (9216K), 9 survivors (9216K)
 Metaspace       used 128056K, committed 130432K, reserved 1179648K
  class space    used 17749K, committed 18944K, reserved 1048576K
}
Event: 59.842 GC heap before
{Heap before GC invocations=64 (full 0):
 garbage-first heap   total 223232K, used 147039K [0x0000000080000000, 0x0000000100000000)
  region size 1024K, 13 young (13312K), 9 survivors (9216K)
 Metaspace       used 128452K, committed 130816K, reserved 1179648K
  class space    used 17773K, committed 18944K, reserved 1048576K
}
Event: 59.850 GC heap after
{Heap after GC invocations=65 (full 0):
 garbage-first heap   total 223232K, used 147703K [0x0000000080000000, 0x0000000100000000)
  region size 1024K, 2 young (2048K), 2 survivors (2048K)
 Metaspace       used 128452K, committed 130816K, reserved 1179648K
  class space    used 17773K, committed 18944K, reserved 1048576K
}
Event: 60.924 GC heap before
{Heap before GC invocations=66 (full 0):
 garbage-first heap   total 250880K, used 209143K [0x0000000080000000, 0x0000000100000000)
  region size 1024K, 60 young (61440K), 2 survivors (2048K)
 Metaspace       used 137389K, committed 139776K, reserved 1179648K
  class space    used 18793K, committed 19968K, reserved 1048576K
}
Event: 60.928 GC heap after
{Heap after GC invocations=67 (full 0):
 garbage-first heap   total 250880K, used 148640K [0x0000000080000000, 0x0000000100000000)
  region size 1024K, 3 young (3072K), 3 survivors (3072K)
 Metaspace       used 137389K, committed 139776K, reserved 1179648K
  class space    used 18793K, committed 19968K, reserved 1048576K
}
Event: 63.399 GC heap before
{Heap before GC invocations=67 (full 0):
 garbage-first heap   total 250880K, used 232608K [0x0000000080000000, 0x0000000100000000)
  region size 1024K, 85 young (87040K), 3 survivors (3072K)
 Metaspace       used 143391K, committed 145792K, reserved 1179648K
  class space    used 19606K, committed 20800K, reserved 1048576K
}
Event: 63.406 GC heap after
{Heap after GC invocations=68 (full 0):
 garbage-first heap   total 250880K, used 154991K [0x0000000080000000, 0x0000000100000000)
  region size 1024K, 10 young (10240K), 10 survivors (10240K)
 Metaspace       used 143391K, committed 145792K, reserved 1179648K
  class space    used 19606K, committed 20800K, reserved 1048576K
}
Event: 64.860 GC heap before
{Heap before GC invocations=68 (full 0):
 garbage-first heap   total 250880K, used 225647K [0x0000000080000000, 0x0000000100000000)
  region size 1024K, 79 young (80896K), 10 survivors (10240K)
 Metaspace       used 146775K, committed 149184K, reserved 1179648K
  class space    used 20060K, committed 21248K, reserved 1048576K
}
Event: 64.872 GC heap after
{Heap after GC invocations=69 (full 0):
 garbage-first heap   total 250880K, used 158618K [0x0000000080000000, 0x0000000100000000)
  region size 1024K, 5 young (5120K), 5 survivors (5120K)
 Metaspace       used 146775K, committed 149184K, reserved 1179648K
  class space    used 20060K, committed 21248K, reserved 1048576K
}
Event: 65.769 GC heap before
{Heap before GC invocations=69 (full 0):
 garbage-first heap   total 250880K, used 231322K [0x0000000080000000, 0x0000000100000000)
  region size 1024K, 77 young (78848K), 5 survivors (5120K)
 Metaspace       used 147233K, committed 149632K, reserved 1179648K
  class space    used 20143K, committed 21312K, reserved 1048576K
}
Event: 65.795 GC heap after
{Heap after GC invocations=70 (full 0):
 garbage-first heap   total 250880K, used 166876K [0x0000000080000000, 0x0000000100000000)
  region size 1024K, 10 young (10240K), 10 survivors (10240K)
 Metaspace       used 147233K, committed 149632K, reserved 1179648K
  class space    used 20143K, committed 21312K, reserved 1048576K
}
Event: 70.677 GC heap before
{Heap before GC invocations=71 (full 0):
 garbage-first heap   total 276480K, used 231388K [0x0000000080000000, 0x0000000100000000)
  region size 1024K, 68 young (69632K), 10 survivors (10240K)
 Metaspace       used 149745K, committed 152128K, reserved 1179648K
  class space    used 20353K, committed 21568K, reserved 1048576K
}
Event: 70.693 GC heap after
{Heap after GC invocations=72 (full 0):
 garbage-first heap   total 276480K, used 172447K [0x0000000080000000, 0x0000000100000000)
  region size 1024K, 5 young (5120K), 5 survivors (5120K)
 Metaspace       used 149745K, committed 152128K, reserved 1179648K
  class space    used 20353K, committed 21568K, reserved 1048576K
}

